2020-10-05 21:58:27,769 [Worker-5: Loading available Gradle versions] INFO  o.e.b.c.i.u.g.PublishedGradleVersions - Gradle version information cache is up-to-date. Trying to read.
2020-10-05 22:00:35,944 [Worker-5: Creating maven-archetype-quickstart] INFO  o.e.m.c.i.p.ProjectConfigurationManager - Collecting project info '/pom.xml' C:\Users\prashant\Desktop\week1\HotelReservationSystem\hotelReservationSystem\pom.xml
2020-10-05 22:00:41,350 [Worker-5: Creating maven-archetype-quickstart] INFO  o.e.m.c.i.l.LifecycleMappingFactory - Using org.eclipse.m2e.jdt.JarLifecycleMapping lifecycle mapping for MavenProject: com:hotelReservationSystem:0.0.1-SNAPSHOT @ C:\Users\prashant\Desktop\week1\HotelReservationSystem\hotelReservationSystem\pom.xml.
2020-10-05 22:00:42,970 [Worker-5: Creating maven-archetype-quickstart] INFO  o.e.m.j.i.AbstractJavaProjectConfigurator - Adding source folder /hotelReservationSystem/src/main/java
2020-10-05 22:00:43,035 [Worker-5: Creating maven-archetype-quickstart] INFO  o.e.m.j.i.AbstractJavaProjectConfigurator - Adding source folder /hotelReservationSystem/src/test/java
2020-10-05 22:00:44,421 [Worker-5: Creating maven-archetype-quickstart] INFO  o.e.m.c.i.p.ProjectConfigurationManager - Imported and configured 1 project(s) in 8 sec
2020-10-05 22:00:47,142 [Worker-11: Building] INFO  o.e.m.c.i.embedder.EclipseLogger - Using 'UTF-8' encoding to copy filtered resources.
2020-10-05 22:00:47,144 [Worker-11: Building] INFO  o.e.m.c.i.embedder.EclipseLogger - skip non existing resourceDirectory C:\Users\prashant\Desktop\week1\HotelReservationSystem\hotelReservationSystem\src\main\resources
2020-10-05 22:00:47,148 [Worker-11: Building] INFO  o.e.m.c.i.embedder.EclipseLogger - Using 'UTF-8' encoding to copy filtered resources.
2020-10-05 22:00:47,148 [Worker-11: Building] INFO  o.e.m.c.i.embedder.EclipseLogger - skip non existing resourceDirectory C:\Users\prashant\Desktop\week1\HotelReservationSystem\hotelReservationSystem\src\test\resources
2020-10-05 22:01:37,665 [Worker-4: Building] INFO  o.e.m.c.i.embedder.EclipseLogger - Using 'UTF-8' encoding to copy filtered resources.
2020-10-05 22:01:37,665 [Worker-4: Building] INFO  o.e.m.c.i.embedder.EclipseLogger - skip non existing resourceDirectory C:\Users\prashant\Desktop\week1\HotelReservationSystem\hotelReservationSystem\src\main\resources
2020-10-05 22:01:37,669 [Worker-4: Building] INFO  o.e.m.c.i.embedder.EclipseLogger - Using 'UTF-8' encoding to copy filtered resources.
2020-10-05 22:01:37,669 [Worker-4: Building] INFO  o.e.m.c.i.embedder.EclipseLogger - skip non existing resourceDirectory C:\Users\prashant\Desktop\week1\HotelReservationSystem\hotelReservationSystem\src\test\resources
2020-10-05 22:01:38,720 [Worker-11: Building] INFO  o.e.m.c.i.embedder.EclipseLogger - Using 'UTF-8' encoding to copy filtered resources.
2020-10-05 22:01:38,721 [Worker-11: Building] INFO  o.e.m.c.i.embedder.EclipseLogger - skip non existing resourceDirectory C:\Users\prashant\Desktop\week1\HotelReservationSystem\hotelReservationSystem\src\main\resources
2020-10-05 22:01:38,723 [Worker-11: Building] INFO  o.e.m.c.i.embedder.EclipseLogger - Using 'UTF-8' encoding to copy filtered resources.
2020-10-05 22:01:38,724 [Worker-11: Building] INFO  o.e.m.c.i.embedder.EclipseLogger - skip non existing resourceDirectory C:\Users\prashant\Desktop\week1\HotelReservationSystem\hotelReservationSystem\src\test\resources
2020-10-05 22:03:23,620 [Worker-12: Building] INFO  o.e.m.c.i.embedder.EclipseLogger - Using 'UTF-8' encoding to copy filtered resources.
2020-10-05 22:03:23,621 [Worker-12: Building] INFO  o.e.m.c.i.embedder.EclipseLogger - skip non existing resourceDirectory C:\Users\prashant\Desktop\week1\HotelReservationSystem\hotelReservationSystem\src\main\resources
2020-10-05 22:03:23,626 [Worker-12: Building] INFO  o.e.m.c.i.embedder.EclipseLogger - Using 'UTF-8' encoding to copy filtered resources.
